InnoDB: The first specified data file .\ibdata1 did not exist:
InnoDB: a new database to be created!
140324 19:03:48  InnoDB: Setting file .\ibdata1 size to 10 MB
InnoDB: Database physically writes the file full: wait...
140324 19:03:49  InnoDB: Log file .\ib_logfile0 did not exist: new to be created
InnoDB: Setting log file .\ib_logfile0 size to 10 MB
InnoDB: Database physically writes the file full: wait...
140324 19:03:49  InnoDB: Log file .\ib_logfile1 did not exist: new to be created
InnoDB: Setting log file .\ib_logfile1 size to 10 MB
InnoDB: Database physically writes the file full: wait...
InnoDB: Doublewrite buffer not found: creating new
InnoDB: Doublewrite buffer created
InnoDB: Creating foreign key constraint system tables
InnoDB: Foreign key constraint system tables created
140324 19:03:50  InnoDB: Started; log sequence number 0 0
140324 19:03:50 [Note] E:\AppServ\MySQL\bin\mysqld-nt: ready for connections.
Version: '5.0.51b-community-nt-log'  socket: ''  port: 3306  MySQL Community Edition (GPL)
140324 19:03:56 [Note] E:\AppServ\MySQL\bin\mysqld-nt: Normal shutdown

140324 19:03:56  InnoDB: Starting shutdown...
140324 19:03:58  InnoDB: Shutdown completed; log sequence number 0 43655
140324 19:03:58 [Note] E:\AppServ\MySQL\bin\mysqld-nt: Shutdown complete

140324 19:04:27  InnoDB: Started; log sequence number 0 43655
140324 19:04:27 [Note] E:\AppServ\MySQL\bin\mysqld-nt: ready for connections.
Version: '5.0.51b-community-nt-log'  socket: ''  port: 3306  MySQL Community Edition (GPL)
140324 19:13:56 [Note] E:\AppServ\MySQL\bin\mysqld-nt: Normal shutdown

140324 19:13:56  InnoDB: Starting shutdown...
140324 19:13:58  InnoDB: Shutdown completed; log sequence number 0 43655
140324 19:13:58 [Note] E:\AppServ\MySQL\bin\mysqld-nt: Shutdown complete

140325  9:11:47  InnoDB: Started; log sequence number 0 43655
140325  9:11:49 [Note] E:\AppServ\MySQL\bin\mysqld-nt: ready for connections.
Version: '5.0.51b-community-nt-log'  socket: ''  port: 3306  MySQL Community Edition (GPL)
140325 10:43:51 [Note] E:\AppServ\MySQL\bin\mysqld-nt: Normal shutdown

140325 10:43:51  InnoDB: Starting shutdown...
140325 10:43:53  InnoDB: Shutdown completed; log sequence number 0 43655
140325 10:43:53 [Note] E:\AppServ\MySQL\bin\mysqld-nt: Shutdown complete

140327  5:47:26  InnoDB: Started; log sequence number 0 43655
140327  5:47:27 [Note] E:\AppServ\MySQL\bin\mysqld-nt: ready for connections.
Version: '5.0.51b-community-nt-log'  socket: ''  port: 3306  MySQL Community Edition (GPL)
140327  6:32:01 [Note] E:\AppServ\MySQL\bin\mysqld-nt: Normal shutdown

140327  6:32:01  InnoDB: Starting shutdown...
140327  6:32:02  InnoDB: Shutdown completed; log sequence number 0 43655
140327  6:32:02 [Note] E:\AppServ\MySQL\bin\mysqld-nt: Shutdown complete

140329 16:31:51  InnoDB: Started; log sequence number 0 43655
140329 16:31:51 [Note] E:\AppServ\MySQL\bin\mysqld-nt: ready for connections.
Version: '5.0.51b-community-nt-log'  socket: ''  port: 3306  MySQL Community Edition (GPL)
140329 16:32:49 [Note] E:\AppServ\MySQL\bin\mysqld-nt: Normal shutdown

140329 16:32:49  InnoDB: Starting shutdown...
140329 16:32:50  InnoDB: Shutdown completed; log sequence number 0 43655
140329 16:32:50 [Note] E:\AppServ\MySQL\bin\mysqld-nt: Shutdown complete

140330 10:24:33  InnoDB: Started; log sequence number 0 43655
140330 10:24:34 [Note] E:\AppServ\MySQL\bin\mysqld-nt: ready for connections.
Version: '5.0.51b-community-nt-log'  socket: ''  port: 3306  MySQL Community Edition (GPL)
140330 10:39:25 [Note] E:\AppServ\MySQL\bin\mysqld-nt: Normal shutdown

140330 10:39:25  InnoDB: Starting shutdown...
140330 10:39:27  InnoDB: Shutdown completed; log sequence number 0 43655
140330 10:39:27 [Note] E:\AppServ\MySQL\bin\mysqld-nt: Shutdown complete

140401 12:14:24  InnoDB: Started; log sequence number 0 43655
140401 12:14:25 [Note] E:\AppServ\MySQL\bin\mysqld-nt: ready for connections.
Version: '5.0.51b-community-nt-log'  socket: ''  port: 3306  MySQL Community Edition (GPL)
140401 12:16:34 [Note] E:\AppServ\MySQL\bin\mysqld-nt: Normal shutdown

140401 12:16:34  InnoDB: Starting shutdown...
140401 12:16:35  InnoDB: Shutdown completed; log sequence number 0 43655
140401 12:16:35 [Note] E:\AppServ\MySQL\bin\mysqld-nt: Shutdown complete

140401 14:50:00  InnoDB: Started; log sequence number 0 43655
140401 14:50:03 [Note] E:\AppServ\MySQL\bin\mysqld-nt: ready for connections.
Version: '5.0.51b-community-nt-log'  socket: ''  port: 3306  MySQL Community Edition (GPL)
140401 15:03:40 [Note] E:\AppServ\MySQL\bin\mysqld-nt: Normal shutdown

140401 15:03:41  InnoDB: Starting shutdown...
140401 15:03:43  InnoDB: Shutdown completed; log sequence number 0 43655
140401 15:03:43 [Note] E:\AppServ\MySQL\bin\mysqld-nt: Shutdown complete

140401 15:17:14  InnoDB: Started; log sequence number 0 43655
140401 15:17:15 [Note] E:\AppServ\MySQL\bin\mysqld-nt: ready for connections.
Version: '5.0.51b-community-nt-log'  socket: ''  port: 3306  MySQL Community Edition (GPL)
140401 15:20:25 [Note] E:\AppServ\MySQL\bin\mysqld-nt: Normal shutdown

140401 15:20:26  InnoDB: Starting shutdown...
140401 15:20:27  InnoDB: Shutdown completed; log sequence number 0 43655
140401 15:20:27 [Note] E:\AppServ\MySQL\bin\mysqld-nt: Shutdown complete

140401 15:21:57  InnoDB: Started; log sequence number 0 43655
140401 15:21:58 [Note] E:\AppServ\MySQL\bin\mysqld-nt: ready for connections.
Version: '5.0.51b-community-nt-log'  socket: ''  port: 3306  MySQL Community Edition (GPL)
140401 20:24:24 [Note] E:\AppServ\MySQL\bin\mysqld-nt: Normal shutdown

140401 20:24:33  InnoDB: Starting shutdown...
140401 20:24:44  InnoDB: Shutdown completed; log sequence number 0 43655
140401 20:24:44 [Note] E:\AppServ\MySQL\bin\mysqld-nt: Shutdown complete

140402  8:44:17  InnoDB: Started; log sequence number 0 43655
140402  8:44:18 [Note] E:\AppServ\MySQL\bin\mysqld-nt: ready for connections.
Version: '5.0.51b-community-nt-log'  socket: ''  port: 3306  MySQL Community Edition (GPL)
140402  8:45:08 [Note] E:\AppServ\MySQL\bin\mysqld-nt: Normal shutdown

140402  8:45:08  InnoDB: Starting shutdown...
140402  8:45:09  InnoDB: Shutdown completed; log sequence number 0 43655
140402  8:45:09 [Note] E:\AppServ\MySQL\bin\mysqld-nt: Shutdown complete

140402 12:04:44  InnoDB: Started; log sequence number 0 43655
140402 12:04:45 [Note] E:\AppServ\MySQL\bin\mysqld-nt: ready for connections.
Version: '5.0.51b-community-nt-log'  socket: ''  port: 3306  MySQL Community Edition (GPL)
140402 18:56:51 [Note] E:\AppServ\MySQL\bin\mysqld-nt: Normal shutdown

140402 18:56:57  InnoDB: Starting shutdown...
140402 18:57:02  InnoDB: Shutdown completed; log sequence number 0 43655
140402 18:57:03 [Note] E:\AppServ\MySQL\bin\mysqld-nt: Shutdown complete

140403 23:06:57  InnoDB: Started; log sequence number 0 43655
140403 23:06:58 [Note] E:\AppServ\MySQL\bin\mysqld-nt: ready for connections.
Version: '5.0.51b-community-nt-log'  socket: ''  port: 3306  MySQL Community Edition (GPL)
140404  0:28:21 [Note] E:\AppServ\MySQL\bin\mysqld-nt: Normal shutdown

140404  0:28:22  InnoDB: Starting shutdown...
140404  0:28:24  InnoDB: Shutdown completed; log sequence number 0 43655
140404  0:28:24 [Note] E:\AppServ\MySQL\bin\mysqld-nt: Shutdown complete

140404  0:40:46  InnoDB: Started; log sequence number 0 43655
140404  0:40:47 [Note] E:\AppServ\MySQL\bin\mysqld-nt: ready for connections.
Version: '5.0.51b-community-nt-log'  socket: ''  port: 3306  MySQL Community Edition (GPL)
140404  0:44:23 [Note] E:\AppServ\MySQL\bin\mysqld-nt: Normal shutdown

140404  0:44:23  InnoDB: Starting shutdown...
140404  0:44:24  InnoDB: Shutdown completed; log sequence number 0 43655
140404  0:44:24 [Note] E:\AppServ\MySQL\bin\mysqld-nt: Shutdown complete

140404 11:29:41  InnoDB: Started; log sequence number 0 43655
140404 11:29:42 [Note] E:\AppServ\MySQL\bin\mysqld-nt: ready for connections.
Version: '5.0.51b-community-nt-log'  socket: ''  port: 3306  MySQL Community Edition (GPL)
140404 11:46:50 [Note] E:\AppServ\MySQL\bin\mysqld-nt: Normal shutdown

140404 11:46:51  InnoDB: Starting shutdown...
140404 11:46:53  InnoDB: Shutdown completed; log sequence number 0 43655
140404 11:46:53 [Note] E:\AppServ\MySQL\bin\mysqld-nt: Shutdown complete

140404 13:10:20  InnoDB: Started; log sequence number 0 43655
140404 13:10:21 [Note] E:\AppServ\MySQL\bin\mysqld-nt: ready for connections.
Version: '5.0.51b-community-nt-log'  socket: ''  port: 3306  MySQL Community Edition (GPL)
140404 14:20:37 [Note] E:\AppServ\MySQL\bin\mysqld-nt: Normal shutdown

140404 14:20:40  InnoDB: Starting shutdown...
140404 14:20:45  InnoDB: Shutdown completed; log sequence number 0 43655
140404 14:20:46 [Note] E:\AppServ\MySQL\bin\mysqld-nt: Shutdown complete

140404 18:18:51  InnoDB: Started; log sequence number 0 43655
140404 18:18:52 [Note] E:\AppServ\MySQL\bin\mysqld-nt: ready for connections.
Version: '5.0.51b-community-nt-log'  socket: ''  port: 3306  MySQL Community Edition (GPL)
140404 18:36:41 [Note] E:\AppServ\MySQL\bin\mysqld-nt: Normal shutdown

140404 18:36:44  InnoDB: Starting shutdown...
140404 18:36:50  InnoDB: Shutdown completed; log sequence number 0 43655
140404 18:36:50 [Note] E:\AppServ\MySQL\bin\mysqld-nt: Shutdown complete

140404 19:19:54  InnoDB: Started; log sequence number 0 43655
140404 19:19:55 [Note] E:\AppServ\MySQL\bin\mysqld-nt: ready for connections.
Version: '5.0.51b-community-nt-log'  socket: ''  port: 3306  MySQL Community Edition (GPL)
140404 19:45:27 [Note] E:\AppServ\MySQL\bin\mysqld-nt: Normal shutdown

140404 19:45:29  InnoDB: Starting shutdown...
140404 19:45:35  InnoDB: Shutdown completed; log sequence number 0 43655
140404 19:45:35 [Note] E:\AppServ\MySQL\bin\mysqld-nt: Shutdown complete

140405  6:47:18  InnoDB: Started; log sequence number 0 43655
140405  6:47:19 [Note] E:\AppServ\MySQL\bin\mysqld-nt: ready for connections.
Version: '5.0.51b-community-nt-log'  socket: ''  port: 3306  MySQL Community Edition (GPL)
140405  6:50:10 [Note] E:\AppServ\MySQL\bin\mysqld-nt: Normal shutdown

140405  6:50:10  InnoDB: Starting shutdown...
140405  6:50:11  InnoDB: Shutdown completed; log sequence number 0 43655
140405  6:50:11 [Note] E:\AppServ\MySQL\bin\mysqld-nt: Shutdown complete

140405  8:58:48  InnoDB: Started; log sequence number 0 43655
140405  8:58:50 [Note] E:\AppServ\MySQL\bin\mysqld-nt: ready for connections.
Version: '5.0.51b-community-nt-log'  socket: ''  port: 3306  MySQL Community Edition (GPL)
140405  9:10:53 [Note] E:\AppServ\MySQL\bin\mysqld-nt: Normal shutdown

140405  9:10:53  InnoDB: Starting shutdown...
140405  9:10:55  InnoDB: Shutdown completed; log sequence number 0 43655
140405  9:10:55 [Note] E:\AppServ\MySQL\bin\mysqld-nt: Shutdown complete

140407  5:52:23  InnoDB: Started; log sequence number 0 43655
140407  5:52:24 [Note] E:\AppServ\MySQL\bin\mysqld-nt: ready for connections.
Version: '5.0.51b-community-nt-log'  socket: ''  port: 3306  MySQL Community Edition (GPL)
140407  6:46:01 [Note] E:\AppServ\MySQL\bin\mysqld-nt: Normal shutdown

140407  6:46:01  InnoDB: Starting shutdown...
140407  6:46:03  InnoDB: Shutdown completed; log sequence number 0 43655
140407  6:46:03 [Note] E:\AppServ\MySQL\bin\mysqld-nt: Shutdown complete

140407 10:51:09  InnoDB: Started; log sequence number 0 43655
140407 10:51:10 [Note] E:\AppServ\MySQL\bin\mysqld-nt: ready for connections.
Version: '5.0.51b-community-nt-log'  socket: ''  port: 3306  MySQL Community Edition (GPL)
140407 11:45:51 [Note] E:\AppServ\MySQL\bin\mysqld-nt: Normal shutdown

140407 11:45:53  InnoDB: Starting shutdown...
140407 11:46:02  InnoDB: Shutdown completed; log sequence number 0 43655
140407 11:46:02 [Note] E:\AppServ\MySQL\bin\mysqld-nt: Shutdown complete

140408  9:14:05  InnoDB: Started; log sequence number 0 43655
140408  9:14:05 [Note] E:\AppServ\MySQL\bin\mysqld-nt: ready for connections.
Version: '5.0.51b-community-nt-log'  socket: ''  port: 3306  MySQL Community Edition (GPL)
140408 10:47:01 [Note] E:\AppServ\MySQL\bin\mysqld-nt: Normal shutdown

140408 10:47:04  InnoDB: Starting shutdown...
140408 10:47:09  InnoDB: Shutdown completed; log sequence number 0 43655
140408 10:47:10 [Note] E:\AppServ\MySQL\bin\mysqld-nt: Shutdown complete

140408 12:22:42  InnoDB: Started; log sequence number 0 43655
140408 12:22:43 [Note] E:\AppServ\MySQL\bin\mysqld-nt: ready for connections.
Version: '5.0.51b-community-nt-log'  socket: ''  port: 3306  MySQL Community Edition (GPL)
140408 13:49:02 [Note] E:\AppServ\MySQL\bin\mysqld-nt: Normal shutdown

140408 13:49:02  InnoDB: Starting shutdown...
140408 13:49:03  InnoDB: Shutdown completed; log sequence number 0 43655
140408 13:49:03 [Note] E:\AppServ\MySQL\bin\mysqld-nt: Shutdown complete

140408 13:59:45  InnoDB: Started; log sequence number 0 43655
140408 13:59:46 [Note] E:\AppServ\MySQL\bin\mysqld-nt: ready for connections.
Version: '5.0.51b-community-nt-log'  socket: ''  port: 3306  MySQL Community Edition (GPL)
140408 14:00:03 [Note] E:\AppServ\MySQL\bin\mysqld-nt: Normal shutdown

140408 14:00:04  InnoDB: Starting shutdown...
140408 14:00:06  InnoDB: Shutdown completed; log sequence number 0 43655
140408 14:00:06 [Note] E:\AppServ\MySQL\bin\mysqld-nt: Shutdown complete

140408 23:52:06  InnoDB: Started; log sequence number 0 43655
140408 23:52:07 [Note] E:\AppServ\MySQL\bin\mysqld-nt: ready for connections.
Version: '5.0.51b-community-nt-log'  socket: ''  port: 3306  MySQL Community Edition (GPL)
140409  2:32:55 [Note] E:\AppServ\MySQL\bin\mysqld-nt: Normal shutdown

140409  2:32:58  InnoDB: Starting shutdown...
140409  2:33:06  InnoDB: Shutdown completed; log sequence number 0 43655
140409  2:33:07 [Note] E:\AppServ\MySQL\bin\mysqld-nt: Shutdown complete

140409  7:32:31  InnoDB: Started; log sequence number 0 43655
140409  7:32:31 [Note] E:\AppServ\MySQL\bin\mysqld-nt: ready for connections.
Version: '5.0.51b-community-nt-log'  socket: ''  port: 3306  MySQL Community Edition (GPL)
140409  9:30:38 [Note] E:\AppServ\MySQL\bin\mysqld-nt: Normal shutdown

140409  9:30:39  InnoDB: Starting shutdown...
140409  9:30:40  InnoDB: Shutdown completed; log sequence number 0 43655
140409  9:30:40 [Note] E:\AppServ\MySQL\bin\mysqld-nt: Shutdown complete

140410 10:31:15  InnoDB: Started; log sequence number 0 43655
140410 10:31:15 [Note] E:\AppServ\MySQL\bin\mysqld-nt: ready for connections.
Version: '5.0.51b-community-nt-log'  socket: ''  port: 3306  MySQL Community Edition (GPL)
140410 11:15:56 [Note] E:\AppServ\MySQL\bin\mysqld-nt: Normal shutdown

140410 11:15:58  InnoDB: Starting shutdown...
140410 11:16:03  InnoDB: Shutdown completed; log sequence number 0 43655
140410 11:16:03 [Note] E:\AppServ\MySQL\bin\mysqld-nt: Shutdown complete

140410 12:18:02  InnoDB: Started; log sequence number 0 43655
140410 12:18:02 [Note] E:\AppServ\MySQL\bin\mysqld-nt: ready for connections.
Version: '5.0.51b-community-nt-log'  socket: ''  port: 3306  MySQL Community Edition (GPL)
140410 13:04:42 [Note] E:\AppServ\MySQL\bin\mysqld-nt: Normal shutdown

140410 13:04:44  InnoDB: Starting shutdown...
140410 13:04:51  InnoDB: Shutdown completed; log sequence number 0 43655
140410 13:04:51 [Note] E:\AppServ\MySQL\bin\mysqld-nt: Shutdown complete

140410 20:41:57  InnoDB: Started; log sequence number 0 43655
140410 20:41:58 [Note] E:\AppServ\MySQL\bin\mysqld-nt: ready for connections.
Version: '5.0.51b-community-nt-log'  socket: ''  port: 3306  MySQL Community Edition (GPL)
140410 20:42:54 [Note] E:\AppServ\MySQL\bin\mysqld-nt: Normal shutdown

140410 20:42:54  InnoDB: Starting shutdown...
140410 20:42:56  InnoDB: Shutdown completed; log sequence number 0 43655
140410 20:42:56 [Note] E:\AppServ\MySQL\bin\mysqld-nt: Shutdown complete

140410 20:43:48  InnoDB: Started; log sequence number 0 43655
140410 20:43:49 [Note] E:\AppServ\MySQL\bin\mysqld-nt: ready for connections.
Version: '5.0.51b-community-nt-log'  socket: ''  port: 3306  MySQL Community Edition (GPL)
140410 22:52:01  InnoDB: Started; log sequence number 0 43655
140410 22:52:04 [Note] E:\AppServ\MySQL\bin\mysqld-nt: ready for connections.
Version: '5.0.51b-community-nt-log'  socket: ''  port: 3306  MySQL Community Edition (GPL)
140410 23:43:12 [Note] E:\AppServ\MySQL\bin\mysqld-nt: Normal shutdown

140410 23:43:17  InnoDB: Starting shutdown...
140410 23:43:20  InnoDB: Shutdown completed; log sequence number 0 43655
140410 23:43:20 [Note] E:\AppServ\MySQL\bin\mysqld-nt: Shutdown complete

140410 23:44:22  InnoDB: Started; log sequence number 0 43655
140410 23:44:22 [Note] E:\AppServ\MySQL\bin\mysqld-nt: ready for connections.
Version: '5.0.51b-community-nt-log'  socket: ''  port: 3306  MySQL Community Edition (GPL)
140410 23:47:56 [Note] E:\AppServ\MySQL\bin\mysqld-nt: Normal shutdown

140410 23:47:56  InnoDB: Starting shutdown...
140410 23:47:58  InnoDB: Shutdown completed; log sequence number 0 43655
140410 23:47:58 [Note] E:\AppServ\MySQL\bin\mysqld-nt: Shutdown complete

140410 23:48:50  InnoDB: Started; log sequence number 0 43655
140410 23:48:51 [Note] E:\AppServ\MySQL\bin\mysqld-nt: ready for connections.
Version: '5.0.51b-community-nt-log'  socket: ''  port: 3306  MySQL Community Edition (GPL)
140411  0:04:45 [Note] E:\AppServ\MySQL\bin\mysqld-nt: Normal shutdown

140411  0:04:51  InnoDB: Starting shutdown...
140411  0:04:55  InnoDB: Shutdown completed; log sequence number 0 43655
140411  0:04:55 [Note] E:\AppServ\MySQL\bin\mysqld-nt: Shutdown complete

140411  0:06:25  InnoDB: Started; log sequence number 0 43655
140411  0:06:25 [Note] E:\AppServ\MySQL\bin\mysqld-nt: ready for connections.
Version: '5.0.51b-community-nt-log'  socket: ''  port: 3306  MySQL Community Edition (GPL)
140411  0:07:59 [Note] E:\AppServ\MySQL\bin\mysqld-nt: Normal shutdown

140411  0:07:59  InnoDB: Starting shutdown...
140411  0:08:01  InnoDB: Shutdown completed; log sequence number 0 43655
140411  0:08:01 [Note] E:\AppServ\MySQL\bin\mysqld-nt: Shutdown complete

140411  0:09:28  InnoDB: Started; log sequence number 0 43655
140411  0:09:28 [Note] E:\AppServ\MySQL\bin\mysqld-nt: ready for connections.
Version: '5.0.51b-community-nt-log'  socket: ''  port: 3306  MySQL Community Edition (GPL)
140411  0:22:39 [Note] E:\AppServ\MySQL\bin\mysqld-nt: Normal shutdown

140411  0:22:40  InnoDB: Starting shutdown...
140411  0:22:41  InnoDB: Shutdown completed; log sequence number 0 43655
140411  0:22:41 [Note] E:\AppServ\MySQL\bin\mysqld-nt: Shutdown complete

140411  0:23:38  InnoDB: Started; log sequence number 0 43655
140411  0:23:38 [Note] E:\AppServ\MySQL\bin\mysqld-nt: ready for connections.
Version: '5.0.51b-community-nt-log'  socket: ''  port: 3306  MySQL Community Edition (GPL)
140411  4:14:36 [Note] E:\AppServ\MySQL\bin\mysqld-nt: Normal shutdown

140411  4:14:42  InnoDB: Starting shutdown...
140411  4:14:47  InnoDB: Shutdown completed; log sequence number 0 43655
140411  4:14:48 [Note] E:\AppServ\MySQL\bin\mysqld-nt: Shutdown complete

140411  8:01:26  InnoDB: Started; log sequence number 0 43655
140411  8:01:26 [Note] E:\AppServ\MySQL\bin\mysqld-nt: ready for connections.
Version: '5.0.51b-community-nt-log'  socket: ''  port: 3306  MySQL Community Edition (GPL)
140411  8:36:04  InnoDB: Started; log sequence number 0 43655
140411  8:36:06 [Note] E:\AppServ\MySQL\bin\mysqld-nt: ready for connections.
Version: '5.0.51b-community-nt-log'  socket: ''  port: 3306  MySQL Community Edition (GPL)
140411  8:43:18 [Note] E:\AppServ\MySQL\bin\mysqld-nt: Normal shutdown

140411  8:43:18  InnoDB: Starting shutdown...
140411  8:43:19  InnoDB: Shutdown completed; log sequence number 0 43655
140411  8:43:19 [Note] E:\AppServ\MySQL\bin\mysqld-nt: Shutdown complete

140411  8:44:44  InnoDB: Started; log sequence number 0 43655
140411  8:44:48 [Note] E:\AppServ\MySQL\bin\mysqld-nt: ready for connections.
Version: '5.0.51b-community-nt-log'  socket: ''  port: 3306  MySQL Community Edition (GPL)
140411  8:45:09 [Note] E:\AppServ\MySQL\bin\mysqld-nt: Normal shutdown

140411  8:45:09  InnoDB: Starting shutdown...
140411  8:45:11  InnoDB: Shutdown completed; log sequence number 0 43655
140411  8:45:11 [Note] E:\AppServ\MySQL\bin\mysqld-nt: Shutdown complete

140411 13:54:40  InnoDB: Started; log sequence number 0 43655
140411 13:54:44 [Note] E:\AppServ\MySQL\bin\mysqld-nt: ready for connections.
Version: '5.0.51b-community-nt-log'  socket: ''  port: 3306  MySQL Community Edition (GPL)
140411 14:05:42 [Note] E:\AppServ\MySQL\bin\mysqld-nt: Normal shutdown

140411 14:05:42  InnoDB: Starting shutdown...
140411 14:05:44  InnoDB: Shutdown completed; log sequence number 0 43655
140411 14:05:44 [Note] E:\AppServ\MySQL\bin\mysqld-nt: Shutdown complete

140412  9:49:38  InnoDB: Started; log sequence number 0 43655
140412  9:49:42 [Note] E:\AppServ\MySQL\bin\mysqld-nt: ready for connections.
Version: '5.0.51b-community-nt-log'  socket: ''  port: 3306  MySQL Community Edition (GPL)
140412 13:36:37 [Note] E:\AppServ\MySQL\bin\mysqld-nt: Normal shutdown

140412 13:36:37  InnoDB: Starting shutdown...
140412 13:36:39  InnoDB: Shutdown completed; log sequence number 0 43655
140412 13:36:39 [Note] E:\AppServ\MySQL\bin\mysqld-nt: Shutdown complete

140412 17:05:23  InnoDB: Started; log sequence number 0 43655
140412 17:05:27 [Note] E:\AppServ\MySQL\bin\mysqld-nt: ready for connections.
Version: '5.0.51b-community-nt-log'  socket: ''  port: 3306  MySQL Community Edition (GPL)
140412 18:33:05 [Note] E:\AppServ\MySQL\bin\mysqld-nt: Normal shutdown

140412 18:33:12  InnoDB: Starting shutdown...
140412 18:33:30  InnoDB: Shutdown completed; log sequence number 0 43655
140412 18:33:31 [Note] E:\AppServ\MySQL\bin\mysqld-nt: Shutdown complete

140412 18:51:15  InnoDB: Started; log sequence number 0 43655
140412 18:51:19 [Note] E:\AppServ\MySQL\bin\mysqld-nt: ready for connections.
Version: '5.0.51b-community-nt-log'  socket: ''  port: 3306  MySQL Community Edition (GPL)
140412 19:28:13 [Note] E:\AppServ\MySQL\bin\mysqld-nt: Normal shutdown

140412 19:28:13  InnoDB: Starting shutdown...
140412 19:28:14  InnoDB: Shutdown completed; log sequence number 0 43655
140412 19:28:14 [Note] E:\AppServ\MySQL\bin\mysqld-nt: Shutdown complete

140412 19:36:08  InnoDB: Started; log sequence number 0 43655
140412 19:36:13 [Note] E:\AppServ\MySQL\bin\mysqld-nt: ready for connections.
Version: '5.0.51b-community-nt-log'  socket: ''  port: 3306  MySQL Community Edition (GPL)
140412 19:44:24 [Note] E:\AppServ\MySQL\bin\mysqld-nt: Normal shutdown

140412 19:44:24  InnoDB: Starting shutdown...
140412 19:44:25  InnoDB: Shutdown completed; log sequence number 0 43655
140412 19:44:25 [Note] E:\AppServ\MySQL\bin\mysqld-nt: Shutdown complete

140412 19:46:02  InnoDB: Started; log sequence number 0 43655
140412 19:46:06 [Note] E:\AppServ\MySQL\bin\mysqld-nt: ready for connections.
Version: '5.0.51b-community-nt-log'  socket: ''  port: 3306  MySQL Community Edition (GPL)
140412 19:57:53 [Note] E:\AppServ\MySQL\bin\mysqld-nt: Normal shutdown

140412 19:57:53  InnoDB: Starting shutdown...
140412 19:57:54  InnoDB: Shutdown completed; log sequence number 0 43655
140412 19:57:54 [Note] E:\AppServ\MySQL\bin\mysqld-nt: Shutdown complete

140412 20:02:57  InnoDB: Started; log sequence number 0 43655
140412 20:03:01 [Note] E:\AppServ\MySQL\bin\mysqld-nt: ready for connections.
Version: '5.0.51b-community-nt-log'  socket: ''  port: 3306  MySQL Community Edition (GPL)
140412 20:09:03 [Note] E:\AppServ\MySQL\bin\mysqld-nt: Normal shutdown

140412 20:09:03  InnoDB: Starting shutdown...
140412 20:09:04  InnoDB: Shutdown completed; log sequence number 0 43655
140412 20:09:04 [Note] E:\AppServ\MySQL\bin\mysqld-nt: Shutdown complete

140412 20:30:12  InnoDB: Started; log sequence number 0 43655
140412 20:30:16 [Note] E:\AppServ\MySQL\bin\mysqld-nt: ready for connections.
Version: '5.0.51b-community-nt-log'  socket: ''  port: 3306  MySQL Community Edition (GPL)
140412 20:35:04 [Note] E:\AppServ\MySQL\bin\mysqld-nt: Normal shutdown

140412 20:35:04  InnoDB: Starting shutdown...
140412 20:35:06  InnoDB: Shutdown completed; log sequence number 0 43655
140412 20:35:06 [Note] E:\AppServ\MySQL\bin\mysqld-nt: Shutdown complete

140413  7:55:56  InnoDB: Started; log sequence number 0 43655
140413  7:56:00 [Note] E:\AppServ\MySQL\bin\mysqld-nt: ready for connections.
Version: '5.0.51b-community-nt-log'  socket: ''  port: 3306  MySQL Community Edition (GPL)
140413  8:49:26 [Note] E:\AppServ\MySQL\bin\mysqld-nt: Normal shutdown

140413  8:49:26  InnoDB: Starting shutdown...
140413  8:49:27  InnoDB: Shutdown completed; log sequence number 0 43655
140413  8:49:27 [Note] E:\AppServ\MySQL\bin\mysqld-nt: Shutdown complete

140413 19:19:20  InnoDB: Started; log sequence number 0 43655
140413 19:19:20 [Note] E:\AppServ\MySQL\bin\mysqld-nt: ready for connections.
Version: '5.0.51b-community-nt-log'  socket: ''  port: 3306  MySQL Community Edition (GPL)
140413 20:50:27 [Note] E:\AppServ\MySQL\bin\mysqld-nt: Normal shutdown

140413 20:50:29  InnoDB: Starting shutdown...
140413 20:50:33  InnoDB: Shutdown completed; log sequence number 0 43655
140413 20:50:33 [Note] E:\AppServ\MySQL\bin\mysqld-nt: Shutdown complete

140413 21:37:47  InnoDB: Started; log sequence number 0 43655
140413 21:37:51 [Note] E:\AppServ\MySQL\bin\mysqld-nt: ready for connections.
Version: '5.0.51b-community-nt-log'  socket: ''  port: 3306  MySQL Community Edition (GPL)
140413 21:42:23 [Note] E:\AppServ\MySQL\bin\mysqld-nt: Normal shutdown

140413 21:42:24  InnoDB: Starting shutdown...
140413 21:42:25  InnoDB: Shutdown completed; log sequence number 0 43655
140413 21:42:25 [Note] E:\AppServ\MySQL\bin\mysqld-nt: Shutdown complete

140414 10:37:26  InnoDB: Started; log sequence number 0 43655
140414 10:37:26 [Note] E:\AppServ\MySQL\bin\mysqld-nt: ready for connections.
Version: '5.0.51b-community-nt-log'  socket: ''  port: 3306  MySQL Community Edition (GPL)
140414 11:26:19 [Note] E:\AppServ\MySQL\bin\mysqld-nt: Normal shutdown

140414 11:26:21  InnoDB: Starting shutdown...
140414 11:26:25  InnoDB: Shutdown completed; log sequence number 0 43665
140414 11:26:26 [Note] E:\AppServ\MySQL\bin\mysqld-nt: Shutdown complete

140414 18:40:34  InnoDB: Started; log sequence number 0 43665
140414 18:40:38 [Note] E:\AppServ\MySQL\bin\mysqld-nt: ready for connections.
Version: '5.0.51b-community-nt-log'  socket: ''  port: 3306  MySQL Community Edition (GPL)
